<?xml version="1.0" encoding="UTF-8"?>
<testng-results total="1" passed="1" failed="0" skipped="0">
  <reporter-output>
  </reporter-output>
  <suite started-at="2023-11-26T17:32:28Z" name="Surefire suite" finished-at="2023-11-26T17:32:28Z" duration-ms="48">
    <groups>
    </groups>
    <test started-at="2023-11-26T17:32:28Z" name="Surefire test" finished-at="2023-11-26T17:32:28Z" duration-ms="48">
      <class name="Test.Capstone_InsureMe.AppTest">
        <test-method signature="shouldAnswerWithTrue()[pri:0, instance:shouldAnswerWithTrue(Test.Capstone_InsureMe.AppTest)]" started-at="2023-11-26T23:02:28Z" name="shouldAnswerWithTrue" finished-at="2023-11-26T23:02:28Z" duration-ms="3" status="PASS">
          <reporter-output>
          </reporter-output>
        </test-method> <!-- shouldAnswerWithTrue -->
      </class> <!-- Test.Capstone_InsureMe.AppTest -->
    </test> <!-- Surefire test -->
  </suite> <!-- Surefire suite -->
</testng-results>
